<?xml version="1.0" encoding="UTF-8"?>
<testsuite name="j.m.w.streams.StreamsUtilTest" tests="2" skipped="0" failures="0" errors="0" timestamp="2020-11-12T03:00:55" hostname="DESKTOP-GJMRE8U" time="0.008">
  <properties/>
  <testcase name="findElementFromStream_NotFound" classname="j.m.w.streams.StreamsUtilTest" time="0.008"/>
  <testcase name="findElementFromStream_Found" classname="j.m.w.streams.StreamsUtilTest" time="0.0"/>
  <system-out><![CDATA[]]></system-out>
  <system-err><![CDATA[]]></system-err>
</testsuite>
